<?xml version="1.0" encoding="UTF-8"?>
<testsuite xmlns:xsi="http://www.w3.org/2001/XMLSchema-instance" xsi:noNamespaceSchemaLocation="https://maven.apache.org/surefire/maven-surefire-plugin/xsd/surefire-test-report.xsd" version="3.0.2" name="org.mps.ronqi2.ronQI2SilverTest" time="3.581" tests="26" errors="0" skipped="0" failures="0">
  <properties>
    <property name="java.specification.version" value="23"/>
    <property name="sun.cpu.isalist" value="amd64"/>
    <property name="sun.jnu.encoding" value="Cp1252"/>
    <property name="java.class.path" value="C:\Users\juanm\Desktop\Practicas mantenimiento\Mantenimiento2025\Practica3\target\test-classes;C:\Users\juanm\Desktop\Practicas mantenimiento\Mantenimiento2025\Practica3\target\classes;C:\Users\juanm\.m2\repository\org\junit\jupiter\junit-jupiter\5.10.1\junit-jupiter-5.10.1.jar;C:\Users\juanm\.m2\repository\org\junit\jupiter\junit-jupiter-api\5.10.1\junit-jupiter-api-5.10.1.jar;C:\Users\juanm\.m2\repository\org\opentest4j\opentest4j\1.3.0\opentest4j-1.3.0.jar;C:\Users\juanm\.m2\repository\org\junit\platform\junit-platform-commons\1.10.1\junit-platform-commons-1.10.1.jar;C:\Users\juanm\.m2\repository\org\apiguardian\apiguardian-api\1.1.2\apiguardian-api-1.1.2.jar;C:\Users\juanm\.m2\repository\org\junit\jupiter\junit-jupiter-params\5.10.1\junit-jupiter-params-5.10.1.jar;C:\Users\juanm\.m2\repository\org\junit\jupiter\junit-jupiter-engine\5.10.1\junit-jupiter-engine-5.10.1.jar;C:\Users\juanm\.m2\repository\org\junit\platform\junit-platform-engine\1.10.1\junit-platform-engine-1.10.1.jar;C:\Users\juanm\.m2\repository\org\mockito\mockito-core\5.16.0\mockito-core-5.16.0.jar;C:\Users\juanm\.m2\repository\net\bytebuddy\byte-buddy\1.15.11\byte-buddy-1.15.11.jar;C:\Users\juanm\.m2\repository\net\bytebuddy\byte-buddy-agent\1.15.11\byte-buddy-agent-1.15.11.jar;C:\Users\juanm\.m2\repository\org\objenesis\objenesis\3.3\objenesis-3.3.jar;C:\Users\juanm\.m2\repository\org\mockito\mockito-junit-jupiter\5.16.0\mockito-junit-jupiter-5.16.0.jar;"/>
    <property name="java.vm.vendor" value="Oracle Corporation"/>
    <property name="sun.arch.data.model" value="64"/>
    <property name="user.variant" value=""/>
    <property name="java.vendor.url" value="https://java.oracle.com/"/>
    <property name="user.timezone" value="Europe/Madrid"/>
    <property name="os.name" value="Windows 10"/>
    <property name="java.vm.specification.version" value="23"/>
    <property name="sun.java.launcher" value="SUN_STANDARD"/>
    <property name="user.country" value="ES"/>
    <property name="sun.boot.library.path" value="C:\Users\juanm\.jdks\openjdk-23.0.2\bin"/>
    <property name="sun.java.command" value="C:\Users\juanm\AppData\Local\Temp\surefire12371208649804795819\surefirebooter-20250408120913200_3.jar C:\Users\juanm\AppData\Local\Temp\surefire12371208649804795819 2025-04-08T12-09-12_567-jvmRun1 surefire-20250408120913200_1tmp surefire_0-20250408120913200_2tmp"/>
    <property name="jdk.debug" value="release"/>
    <property name="surefire.test.class.path" value="C:\Users\juanm\Desktop\Practicas mantenimiento\Mantenimiento2025\Practica3\target\test-classes;C:\Users\juanm\Desktop\Practicas mantenimiento\Mantenimiento2025\Practica3\target\classes;C:\Users\juanm\.m2\repository\org\junit\jupiter\junit-jupiter\5.10.1\junit-jupiter-5.10.1.jar;C:\Users\juanm\.m2\repository\org\junit\jupiter\junit-jupiter-api\5.10.1\junit-jupiter-api-5.10.1.jar;C:\Users\juanm\.m2\repository\org\opentest4j\opentest4j\1.3.0\opentest4j-1.3.0.jar;C:\Users\juanm\.m2\repository\org\junit\platform\junit-platform-commons\1.10.1\junit-platform-commons-1.10.1.jar;C:\Users\juanm\.m2\repository\org\apiguardian\apiguardian-api\1.1.2\apiguardian-api-1.1.2.jar;C:\Users\juanm\.m2\repository\org\junit\jupiter\junit-jupiter-params\5.10.1\junit-jupiter-params-5.10.1.jar;C:\Users\juanm\.m2\repository\org\junit\jupiter\junit-jupiter-engine\5.10.1\junit-jupiter-engine-5.10.1.jar;C:\Users\juanm\.m2\repository\org\junit\platform\junit-platform-engine\1.10.1\junit-platform-engine-1.10.1.jar;C:\Users\juanm\.m2\repository\org\mockito\mockito-core\5.16.0\mockito-core-5.16.0.jar;C:\Users\juanm\.m2\repository\net\bytebuddy\byte-buddy\1.15.11\byte-buddy-1.15.11.jar;C:\Users\juanm\.m2\repository\net\bytebuddy\byte-buddy-agent\1.15.11\byte-buddy-agent-1.15.11.jar;C:\Users\juanm\.m2\repository\org\objenesis\objenesis\3.3\objenesis-3.3.jar;C:\Users\juanm\.m2\repository\org\mockito\mockito-junit-jupiter\5.16.0\mockito-junit-jupiter-5.16.0.jar;"/>
    <property name="sun.cpu.endian" value="little"/>
    <property name="user.home" value="C:\Users\juanm"/>
    <property name="user.language" value="es"/>
    <property name="java.specification.vendor" value="Oracle Corporation"/>
    <property name="java.version.date" value="2025-01-21"/>
    <property name="java.home" value="C:\Users\juanm\.jdks\openjdk-23.0.2"/>
    <property name="file.separator" value="\"/>
    <property name="basedir" value="C:\Users\juanm\Desktop\Practicas mantenimiento\Mantenimiento2025\Practica3"/>
    <property name="java.vm.compressedOopsMode" value="32-bit"/>
    <property name="line.separator" value="&#10;"/>
    <property name="java.vm.specification.vendor" value="Oracle Corporation"/>
    <property name="java.specification.name" value="Java Platform API Specification"/>
    <property name="surefire.real.class.path" value="C:\Users\juanm\AppData\Local\Temp\surefire12371208649804795819\surefirebooter-20250408120913200_3.jar"/>
    <property name="user.script" value=""/>
    <property name="sun.management.compiler" value="HotSpot 64-Bit Tiered Compilers"/>
    <property name="java.runtime.version" value="23.0.2+7-58"/>
    <property name="user.name" value="juanm"/>
    <property name="stdout.encoding" value="Cp1252"/>
    <property name="path.separator" value=";"/>
    <property name="os.version" value="10.0"/>
    <property name="java.runtime.name" value="OpenJDK Runtime Environment"/>
    <property name="file.encoding" value="UTF-8"/>
    <property name="java.vm.name" value="OpenJDK 64-Bit Server VM"/>
    <property name="localRepository" value="C:\Users\juanm\.m2\repository"/>
    <property name="java.vendor.url.bug" value="https://bugreport.java.com/bugreport/"/>
    <property name="java.io.tmpdir" value="C:\Users\juanm\AppData\Local\Temp\"/>
    <property name="java.version" value="23.0.2"/>
    <property name="user.dir" value="C:\Users\juanm\Desktop\Practicas mantenimiento\Mantenimiento2025\Practica3"/>
    <property name="os.arch" value="amd64"/>
    <property name="java.vm.specification.name" value="Java Virtual Machine Specification"/>
    <property name="sun.os.patch.level" value=""/>
    <property name="native.encoding" value="Cp1252"/>
    <property name="java.library.path" value="C:\Users\juanm\.jdks\openjdk-23.0.2\bin;C:\WINDOWS\Sun\Java\bin;C:\WINDOWS\system32;C:\WINDOWS;C:\Users\juanm\.jdks\openjdk-23.0.2\bin;C:\WINDOWS\system32;C:\WINDOWS;C:\WINDOWS\System32\Wbem;C:\WINDOWS\System32\WindowsPowerShell\v1.0\;C:\WINDOWS\System32\OpenSSH\;C:\mingw64\bin;C:\ProgramData\chocolatey\bin;C:\apache-maven-3.9.9\bin;C:\Program Files\Git\cmd;C:\Program Files\nodejs\;C:\Program Files\MySQL\MySQL Shell 8.0\bin\;C:\Users\juanm\AppData\Local\Programs\Python\Python313\Scripts\;C:\Users\juanm\AppData\Local\Programs\Python\Python313\;C:\Users\juanm\AppData\Local\Programs\Python\Launcher\;C:\Users\juanm\AppData\Local\Microsoft\WindowsApps;C:\Users\juanm\AppData\Local\Programs\Microsoft VS Code\bin;C:\Users\juanm\AppData\Local\JetBrains\Toolbox\scripts;C:\Users\juanm\AppData\Local\GitHubDesktop\bin;C:\Users\juanm\AppData\Local\Microsoft\WindowsApps;C:\Users\juanm\AppData\Roaming\npm;."/>
    <property name="java.vm.info" value="mixed mode, sharing"/>
    <property name="stderr.encoding" value="Cp1252"/>
    <property name="java.vendor" value="Oracle Corporation"/>
    <property name="java.vm.version" value="23.0.2+7-58"/>
    <property name="sun.io.unicode.encoding" value="UnicodeLittle"/>
    <property name="java.class.version" value="67.0"/>
  </properties>
  <testcase name="inicializar_llamaConfiguracionUnaVez" classname="org.mps.ronqi2.ronQI2SilverTest" time="3.3">
    <system-err><![CDATA[Mockito is currently self-attaching to enable the inline-mock-maker. This will no longer work in future releases of the JDK. Please add Mockito as an agent to your build as described in Mockito's documentation: https://javadoc.io/doc/org.mockito/mockito-core/latest/org/mockito/Mockito.html#0.3
WARNING: A Java agent has been loaded dynamically (C:\Users\juanm\.m2\repository\net\bytebuddy\byte-buddy-agent\1.15.11\byte-buddy-agent-1.15.11.jar)
WARNING: If a serviceability tool is in use, please run with -XX:+EnableDynamicAgentLoading to hide this warning
WARNING: If a serviceability tool is not in use, please run with -Djdk.instrument.traceUsage for more information
WARNING: Dynamic loading of agents will be disallowed by default in a future release
]]></system-err>
  </testcase>
  <testcase name="inicializar_sensorPresionFalso_daFalso" classname="org.mps.ronqi2.ronQI2SilverTest" time="0.012"/>
  <testcase name="reconectar_DispositivoDesconectadoYFallaSonido_daFalse" classname="org.mps.ronqi2.ronQI2SilverTest" time="0.002"/>
  <testcase name="obtenerNuevaLectura_anyadeLecturas" classname="org.mps.ronqi2.ronQI2SilverTest" time="0.013"/>
  <testcase name="inicializar_dispositivoNulo_daExcepcion" classname="org.mps.ronqi2.ronQI2SilverTest" time="0.005"/>
  <testcase name="evaluarApneaSuenyo_anayadeValoresSobreUmbral_SobrepasaElUmbral" classname="org.mps.ronqi2.ronQI2SilverTest" time="0.012"/>
  <testcase name="evaluarApneaSuenyo_anayadeValorCorrecto_NoSobrepasaElUmbral" classname="org.mps.ronqi2.ronQI2SilverTest" time="0.007"/>
  <testcase name="reconectar_DispositivoDesconectadoYSensoresConectan_daTrue" classname="org.mps.ronqi2.ronQI2SilverTest" time="0.003"/>
  <testcase name="estaConectado_DispositivoDesconectado_daFalse" classname="org.mps.ronqi2.ronQI2SilverTest" time="0.004"/>
  <testcase name="estaConectado_DispositivoConectado_daTrue" classname="org.mps.ronqi2.ronQI2SilverTest" time="0.007"/>
  <testcase name="evaluarApneaSuenyo_anayadeValoresCorrectos_NoSobrepasaElUmbral" classname="org.mps.ronqi2.ronQI2SilverTest" time="0.002"/>
  <testcase name="inicializar_sensorSonidoFalso_daFalso" classname="org.mps.ronqi2.ronQI2SilverTest" time="0.012"/>
  <testcase name="evaluarApneaSuenyo_anyadeMasDe5Lecturas_eliminaLasPrimeras" classname="org.mps.ronqi2.ronQI2SilverTest" time="0.005"/>
  <testcase name="anyadirDispositivo_DispositivoValido_AsignaDispositivo" classname="org.mps.ronqi2.ronQI2SilverTest" time="0.004"/>
  <testcase name="reconectar_DispositivoConectado_daFalse" classname="org.mps.ronqi2.ronQI2SilverTest" time="0.003"/>
  <testcase name="obtenerNuevaLectura_anyadeVariasLecturas" classname="org.mps.ronqi2.ronQI2SilverTest" time="0.006"/>
  <testcase name="evaluarApneaSuenyo_anayadeValoresJustoEnElUmbral_NoSobrepasaElUmbral" classname="org.mps.ronqi2.ronQI2SilverTest" time="0.005"/>
  <testcase name="evaluarApneaSuenyo_anayadeValorPresionNoSobrepasaYSonidoSobrepasa_NoSobrepasaElUmbral" classname="org.mps.ronqi2.ronQI2SilverTest" time="0.001"/>
  <testcase name="evaluarApneaSuenyo_anayadeValorPresionSobrepasaYSonidoNoSobrepasa_NoSobrepasaElUmbral" classname="org.mps.ronqi2.ronQI2SilverTest" time="0.004"/>
  <testcase name="evaluarApneaSuenyo_anayadePresionSobreUmbralSonidoEnmbral_NoSobrepasaElUmbral" classname="org.mps.ronqi2.ronQI2SilverTest" time="0.003"/>
  <testcase name="reconectar_DispositivoDesconectadoYFallaPresion_daFalse" classname="org.mps.ronqi2.ronQI2SilverTest" time="0.005"/>
  <testcase name="inicializar_configPresionFalso_daFalso" classname="org.mps.ronqi2.ronQI2SilverTest" time="0.006"/>
  <testcase name="evaluarApneaSuenyo_anayadePresionEnUmbralSonidoSobreUmbral_NoSobrepasaElUmbral" classname="org.mps.ronqi2.ronQI2SilverTest" time="0.002"/>
  <testcase name="estaConectado_DispositivoNulo_daExcepcion" classname="org.mps.ronqi2.ronQI2SilverTest" time="0.008"/>
  <testcase name="anyadirDispositivo_DispositivoNulo_AsignaNulo" classname="org.mps.ronqi2.ronQI2SilverTest" time="0.002"/>
  <testcase name="inicializar_configSonidoFalso_daFalso" classname="org.mps.ronqi2.ronQI2SilverTest" time="0.004"/>
</testsuite>